cp: cannot stat '/home/haslbeck/IntSim6': No such file or directory
/var/spool/slurm/slurmd/job10752586/slurm_script: line 10: cd: /scratch/IntSim6: No such file or directory
2
[1] "2"
Loading required package: iterators
starting worker pid=16380 on localhost:11008 at 11:58:57.025
starting worker pid=16386 on localhost:11008 at 11:58:57.042
starting worker pid=16390 on localhost:11008 at 11:58:57.043
starting worker pid=16379 on localhost:11008 at 11:58:57.043
starting worker pid=16382 on localhost:11008 at 11:58:57.044
starting worker pid=16389 on localhost:11008 at 11:58:57.052
starting worker pid=16377 on localhost:11008 at 11:58:57.056
starting worker pid=16378 on localhost:11008 at 11:58:57.057
starting worker pid=16391 on localhost:11008 at 11:58:57.056
starting worker pid=16384 on localhost:11008 at 11:58:57.063
starting worker pid=16381 on localhost:11008 at 11:58:57.067
starting worker pid=16387 on localhost:11008 at 11:58:57.067
starting worker pid=16392 on localhost:11008 at 11:58:57.069
starting worker pid=16388 on localhost:11008 at 11:58:57.081
starting worker pid=16385 on localhost:11008 at 11:58:57.086
starting worker pid=16383 on localhost:11008 at 11:58:57.087
discovered package(s): 
automatically exporting the following variables from the local environment:
  iter, l_tx 
explicitly exporting package(s): PanicModel
numValues: 16, numResults: 0, stopped: TRUE
